<?xml version='1.0' encoding='UTF-8'?>
<testsuite hostname="UEM2Z3ZLCP4L" name="tests.FinalSportTemplateNameNormalizerSpec" tests="4" errors="0" failures="0" time="0.132">
                     <properties>
[...]
</properties>
                     <testcase classname="tests.FinalSportTemplateNameNormalizerSpec" name="A group name with section number should match with [A-Z]?[A-Z]\d" time="0.114">
                                                 
                                               </testcase><testcase classname="tests.FinalSportTemplateNameNormalizerSpec" name="The substring beginning with the group name should match [A-Z]?[A-Z]\d(\S||\s)*" time="0.012">
                                                 
                                               </testcase><testcase classname="tests.FinalSportTemplateNameNormalizerSpec" name="The substring ending with the section number should match (\S||\s)*[A-Z]?[A-Z]\d" time="0.003">
                                                 
                                               </testcase><testcase classname="tests.FinalSportTemplateNameNormalizerSpec" name="The final group name and number extraction should match [A-Z]?[A-Z]\d" time="0.003">
                                                 
                                               </testcase>
                     <system-out></system-out>
                     <system-err></system-err>
                   </testsuite>